<?xml version="1.0" encoding="UTF-8"?>
<testng-results skipped="0" failed="0" ignored="3" total="6" passed="3">
  <reporter-output>
  </reporter-output>
  <suite name="Default suite" duration-ms="6040" started-at="2018-06-19T07:10:24Z" finished-at="2018-06-19T07:10:30Z">
    <groups>
    </groups>
    <test name="Default test" duration-ms="6040" started-at="2018-06-19T07:10:24Z" finished-at="2018-06-19T07:10:30Z">
      <class name="com.qait.automation.TatocAutomation.NewTest">
        <test-method status="PASS" signature="connectToChromeAndRunFirstPage()[pri:0, instance:com.qait.automation.TatocAutomation.NewTest@47c62251]" name="connectToChromeAndRunFirstPage" duration-ms="5115" started-at="2018-06-19T07:10:24Z" finished-at="2018-06-19T07:10:29Z">
          <reporter-output>
          </reporter-output>
        </test-method> <!-- connectToChromeAndRunFirstPage -->
        <test-method status="PASS" signature="RunSecondPage()[pri:0, instance:com.qait.automation.TatocAutomation.NewTest@47c62251]" name="RunSecondPage" duration-ms="234" started-at="2018-06-19T07:10:29Z" depends-on-methods="com.qait.automation.TatocAutomation.NewTest.connectToChromeAndRunFirstPage" finished-at="2018-06-19T07:10:29Z">
          <reporter-output>
          </reporter-output>
        </test-method> <!-- RunSecondPage -->
        <test-method status="PASS" signature="RunThirdPage()[pri:0, instance:com.qait.automation.TatocAutomation.NewTest@47c62251]" name="RunThirdPage" duration-ms="642" started-at="2018-06-19T07:10:29Z" depends-on-methods="com.qait.automation.TatocAutomation.NewTest.RunSecondPage" finished-at="2018-06-19T07:10:30Z">
          <reporter-output>
          </reporter-output>
        </test-method> <!-- RunThirdPage -->
      </class> <!-- com.qait.automation.TatocAutomation.NewTest -->
    </test> <!-- Default test -->
  </suite> <!-- Default suite -->
</testng-results>
