<?xml version="1.0" encoding="UTF-8"?>
<!-- Generated by org.testng.reporters.JUnitXMLReporter -->
<testsuite hostname="HPDB0273" ignored="3" name="Default test" tests="3" failures="0" timestamp="19 Jun 2018 07:10:30 GMT" time="6.04" errors="0">
  <testcase name="connectToChromeAndRunFirstPage" time="5.115" classname="com.qait.automation.TatocAutomation.NewTest"/>
  <testcase name="RunSecondPage" time="0.234" classname="com.qait.automation.TatocAutomation.NewTest"/>
  <testcase name="RunThirdPage" time="0.642" classname="com.qait.automation.TatocAutomation.NewTest"/>
  <testcase name="RunLastPage" time="0.0" classname="com.qait.automation.TatocAutomation.NewTest">
    <ignored/>
  </testcase> <!-- RunLastPage -->
  <testcase name="RunFifthPage" time="0.0" classname="com.qait.automation.TatocAutomation.NewTest">
    <ignored/>
  </testcase> <!-- RunFifthPage -->
  <testcase name="RunFourthPage" time="0.0" classname="com.qait.automation.TatocAutomation.NewTest">
    <ignored/>
  </testcase> <!-- RunFourthPage -->
</testsuite> <!-- Default test -->
